c:\users\t7929\source\repos\proceduralgeneration\build\proceduralgeneration.dir\debug\vc143.pdb
c:\users\t7929\source\repos\proceduralgeneration\build\proceduralgeneration.dir\debug\main.obj
c:\users\t7929\source\repos\proceduralgeneration\build\proceduralgeneration.dir\debug\landscape.obj
c:\users\t7929\source\repos\proceduralgeneration\build\cmakefiles\generate.stamp
c:\users\t7929\source\repos\proceduralgeneration\build\debug\proceduralgeneration.exe
c:\users\t7929\source\repos\proceduralgeneration\build\proceduralgeneration.dir\debug\proceduralgeneration.ilk
c:\users\t7929\source\repos\proceduralgeneration\build\debug\proceduralgeneration.pdb
c:\users\t7929\source\repos\proceduralgeneration\build\proceduralgeneration.dir\debug\proceduralgeneration.res
c:\users\t7929\source\repos\proceduralgeneration\build\proceduralgeneration.dir\debug\buffer.obj
c:\users\t7929\source\repos\proceduralgeneration\build\proceduralgeneration.dir\debug\landscape.nativecodeanalysis.xml
c:\users\t7929\source\repos\proceduralgeneration\build\proceduralgeneration.dir\debug\main.nativecodeanalysis.xml
c:\users\t7929\source\repos\proceduralgeneration\build\proceduralgeneration.dir\debug\vc.nativecodeanalysis.all.xml
c:\users\t7929\source\repos\proceduralgeneration\build\proceduralgeneration.dir\debug\procedur.63e69b6d.tlog\cl.command.1.tlog
c:\users\t7929\source\repos\proceduralgeneration\build\proceduralgeneration.dir\debug\procedur.63e69b6d.tlog\cl.read.1.tlog
c:\users\t7929\source\repos\proceduralgeneration\build\proceduralgeneration.dir\debug\procedur.63e69b6d.tlog\cl.write.1.tlog
c:\users\t7929\source\repos\proceduralgeneration\build\proceduralgeneration.dir\debug\procedur.63e69b6d.tlog\custombuild.command.1.tlog
c:\users\t7929\source\repos\proceduralgeneration\build\proceduralgeneration.dir\debug\procedur.63e69b6d.tlog\custombuild.read.1.tlog
c:\users\t7929\source\repos\proceduralgeneration\build\proceduralgeneration.dir\debug\procedur.63e69b6d.tlog\custombuild.write.1.tlog
c:\users\t7929\source\repos\proceduralgeneration\build\proceduralgeneration.dir\debug\procedur.63e69b6d.tlog\link.command.1.tlog
c:\users\t7929\source\repos\proceduralgeneration\build\proceduralgeneration.dir\debug\procedur.63e69b6d.tlog\link.read.1.tlog
c:\users\t7929\source\repos\proceduralgeneration\build\proceduralgeneration.dir\debug\procedur.63e69b6d.tlog\link.write.1.tlog
c:\users\t7929\source\repos\proceduralgeneration\build\proceduralgeneration.dir\debug\procedur.63e69b6d.tlog\rc.command.1.tlog
c:\users\t7929\source\repos\proceduralgeneration\build\proceduralgeneration.dir\debug\procedur.63e69b6d.tlog\rc.read.1.tlog
c:\users\t7929\source\repos\proceduralgeneration\build\proceduralgeneration.dir\debug\procedur.63e69b6d.tlog\rc.write.1.tlog
